<?xml version="1.0" encoding="UTF-8"?>
<robot generator="Robot 4.1.2 (Python 3.9.7 on win32)" generated="20220603 13:18:40.264" rpa="false" schemaversion="2">
<suite id="s1" name="Ze Testes" source="C:\Users\Carol Lemes\Documents\DesafioTecnico_Ze_Web - Criar nova conta\ze_testes.robot">
<test id="s1-t1" name="Caso de teste 1: Criação de conta para um usuário novo">
<kw name="Acesse a página do Zé" library="ze_resources" type="SETUP">
<kw name="Open Browser" library="SeleniumLibrary">
<arg>browser=${browser}</arg>
<doc>Opens a new browser instance to the optional ``url``.</doc>
<msg timestamp="20220603 13:18:40.409" level="INFO">Opening browser 'chrome' to base url 'None'.</msg>
<status status="PASS" starttime="20220603 13:18:40.409" endtime="20220603 13:18:41.440"/>
</kw>
<kw name="Go To" library="SeleniumLibrary">
<arg>url=${url}</arg>
<doc>Navigates the current browser window to the provided ``url``.</doc>
<msg timestamp="20220603 13:18:41.441" level="INFO">Opening url 'https://www.ze.delivery'</msg>
<status status="PASS" starttime="20220603 13:18:41.440" endtime="20220603 13:18:42.712"/>
</kw>
<kw name="Page Should Contain Element" library="SeleniumLibrary">
<arg>id=${id_botão_entrar_pag_inicial}</arg>
<doc>Verifies that element ``locator`` is found on the current page.</doc>
<msg timestamp="20220603 13:18:42.727" level="INFO">Current page contains element 'id=welcome-button-sign-in'.</msg>
<status status="PASS" starttime="20220603 13:18:42.712" endtime="20220603 13:18:42.728"/>
</kw>
<kw name="Title Should Be" library="SeleniumLibrary">
<arg>title=${title_Ze}</arg>
<doc>Verifies that the current page title equals ``title``.</doc>
<msg timestamp="20220603 13:18:42.732" level="INFO">Page title is 'Zé Delivery: Entrega de bebidas geladas a preço baixo'.</msg>
<status status="PASS" starttime="20220603 13:18:42.728" endtime="20220603 13:18:42.732"/>
</kw>
<kw name="Delete All Cookies" library="SeleniumLibrary">
<doc>Deletes all cookies.</doc>
<status status="PASS" starttime="20220603 13:18:42.732" endtime="20220603 13:18:42.747"/>
</kw>
<status status="PASS" starttime="20220603 13:18:40.409" endtime="20220603 13:18:42.747"/>
</kw>
<kw name="Aceite os cookies" library="ze_resources">
<kw name="Wait Until Element Is Visible" library="SeleniumLibrary">
<arg>id=${id_botão_entrar_pag_inicial}</arg>
<doc>Waits until the element ``locator`` is visible.</doc>
<status status="PASS" starttime="20220603 13:18:42.748" endtime="20220603 13:18:42.768"/>
</kw>
<kw name="Wait Until Element Is Visible" library="SeleniumLibrary">
<arg>id=${id_aceitar_cookies_pag_inicial}</arg>
<doc>Waits until the element ``locator`` is visible.</doc>
<status status="PASS" starttime="20220603 13:18:42.768" endtime="20220603 13:18:43.078"/>
</kw>
<kw name="Wait Until Element Is Visible" library="SeleniumLibrary">
<arg>xpath=${xpath_tela_aceite_de_termos}</arg>
<doc>Waits until the element ``locator`` is visible.</doc>
<status status="PASS" starttime="20220603 13:18:43.078" endtime="20220603 13:18:43.105"/>
</kw>
<kw name="Click Button" library="SeleniumLibrary">
<arg>locator=${id_aceitar_cookies_pag_inicial}</arg>
<doc>Clicks the button identified by ``locator``.</doc>
<msg timestamp="20220603 13:18:43.105" level="INFO">Clicking button 'onetrust-accept-btn-handler'.</msg>
<status status="PASS" starttime="20220603 13:18:43.105" endtime="20220603 13:18:43.796"/>
</kw>
<status status="PASS" starttime="20220603 13:18:42.747" endtime="20220603 13:18:43.797"/>
</kw>
<kw name="Valide a tela página inicial do Zé" library="ze_resources">
<kw name="Element Should Be Visible" library="SeleniumLibrary">
<arg>id=${id_botão_entrar_pag_inicial}</arg>
<doc>Verifies that the element identified by ``locator`` is visible.</doc>
<msg timestamp="20220603 13:18:43.828" level="INFO">Element 'id=welcome-button-sign-in' is displayed.</msg>
<status status="PASS" starttime="20220603 13:18:43.797" endtime="20220603 13:18:43.828"/>
</kw>
<kw name="Element Should Be Visible" library="SeleniumLibrary">
<arg>class=${class_logo_Ze_pag_inicial}</arg>
<doc>Verifies that the element identified by ``locator`` is visible.</doc>
<msg timestamp="20220603 13:18:43.881" level="INFO">Element 'class=css-u951ix-Image' is displayed.</msg>
<status status="PASS" starttime="20220603 13:18:43.828" endtime="20220603 13:18:43.881"/>
</kw>
<kw name="Wait Until Element Is Visible" library="SeleniumLibrary">
<arg>id=${id_inserir_endereco_pag_inicial}</arg>
<doc>Waits until the element ``locator`` is visible.</doc>
<status status="PASS" starttime="20220603 13:18:43.882" endtime="20220603 13:18:43.901"/>
</kw>
<status status="PASS" starttime="20220603 13:18:43.797" endtime="20220603 13:18:43.901"/>
</kw>
<kw name="Clique em &quot;Entrar&quot;" library="ze_resources">
<kw name="Click Element" library="SeleniumLibrary">
<arg>id=${id_botão_entrar_pag_inicial}</arg>
<doc>Click the element identified by ``locator``.</doc>
<msg timestamp="20220603 13:18:43.903" level="INFO">Clicking element 'id=welcome-button-sign-in'.</msg>
<status status="PASS" starttime="20220603 13:18:43.902" endtime="20220603 13:18:43.967"/>
</kw>
<kw name="Wait Until Element Is Visible" library="SeleniumLibrary">
<arg>id=${id_botao_voltar_tela_criar_conta}</arg>
<doc>Waits until the element ``locator`` is visible.</doc>
<status status="PASS" starttime="20220603 13:18:43.967" endtime="20220603 13:18:44.080"/>
</kw>
<kw name="Wait Until Element Is Visible" library="SeleniumLibrary">
<arg>id=${id_botao_entrar_em_entrar_na_conta}</arg>
<doc>Waits until the element ``locator`` is visible.</doc>
<status status="PASS" starttime="20220603 13:18:44.080" endtime="20220603 13:18:44.106"/>
</kw>
<kw name="Wait Until Element Is Visible" library="SeleniumLibrary">
<arg>xpath=${xpath_botao_quero_criar_conta}</arg>
<doc>Waits until the element ``locator`` is visible.</doc>
<status status="PASS" starttime="20220603 13:18:44.106" endtime="20220603 13:18:44.133"/>
</kw>
<kw name="Click Element" library="SeleniumLibrary">
<arg>xpath=${xpath_botao_quero_criar_conta}</arg>
<doc>Click the element identified by ``locator``.</doc>
<msg timestamp="20220603 13:18:44.134" level="INFO">Clicking element 'xpath=//a[contains(.,'Quero criar uma conta')]'.</msg>
<status status="PASS" starttime="20220603 13:18:44.134" endtime="20220603 13:18:44.228"/>
</kw>
<status status="PASS" starttime="20220603 13:18:43.902" endtime="20220603 13:18:44.228"/>
</kw>
<kw name="Insira nome" library="ze_resources">
<kw name="Input Text" library="SeleniumLibrary">
<arg>id=${id_inserir_nome_criar}</arg>
<arg>${nome} ${sobrenome}</arg>
<doc>Types the given ``text`` into the text field identified by ``locator``.</doc>
<msg timestamp="20220603 13:18:44.231" level="INFO">Typing text 'Zeca Delivre' into text field 'id=signup-form-input-name'.</msg>
<status status="PASS" starttime="20220603 13:18:44.230" endtime="20220603 13:18:44.401"/>
</kw>
<status status="PASS" starttime="20220603 13:18:44.229" endtime="20220603 13:18:44.401"/>
</kw>
<kw name="Insira e-mail" library="ze_resources">
<kw name="Random Generator" library="nome_numero_aleatorio">
<var>${email}</var>
<msg timestamp="20220603 13:18:44.401" level="INFO">${email} = DY913G4O</msg>
<status status="PASS" starttime="20220603 13:18:44.401" endtime="20220603 13:18:44.401"/>
</kw>
<kw name="Input Text" library="SeleniumLibrary">
<arg>id=${id_inserir_email_criar}</arg>
<arg>${email}@yopmail.com</arg>
<doc>Types the given ``text`` into the text field identified by ``locator``.</doc>
<msg timestamp="20220603 13:18:44.402" level="INFO">Typing text 'DY913G4O@yopmail.com' into text field 'id=signup-form-input-email'.</msg>
<status status="PASS" starttime="20220603 13:18:44.401" endtime="20220603 13:18:44.519"/>
</kw>
<status status="PASS" starttime="20220603 13:18:44.401" endtime="20220603 13:18:44.519"/>
</kw>
<kw name="Insira uma senha válida" library="ze_resources">
<kw name="Input Text" library="SeleniumLibrary">
<arg>id=${id_inserir_senha_criar}</arg>
<arg>${senha}</arg>
<doc>Types the given ``text`` into the text field identified by ``locator``.</doc>
<msg timestamp="20220603 13:18:44.520" level="INFO">Typing text 'oZe_eh100%' into text field 'id=signup-form-input-password'.</msg>
<status status="PASS" starttime="20220603 13:18:44.520" endtime="20220603 13:18:44.607"/>
</kw>
<kw name="Click Element" library="SeleniumLibrary">
<arg>xpath=//button[contains(@aria-label,'Mostrar senha')]</arg>
<doc>Click the element identified by ``locator``.</doc>
<msg timestamp="20220603 13:18:44.607" level="INFO">Clicking element 'xpath=//button[contains(@aria-label,'Mostrar senha')]'.</msg>
<status status="PASS" starttime="20220603 13:18:44.607" endtime="20220603 13:18:44.649"/>
</kw>
<status status="PASS" starttime="20220603 13:18:44.519" endtime="20220603 13:18:44.649"/>
</kw>
<kw name="Insira o cpf" library="ze_resources">
<kw name="Generate Cpf" library="gerador_cpf">
<var>${cpf}</var>
<msg timestamp="20220603 13:18:44.650" level="INFO">${cpf} = 296.065.104-92</msg>
<status status="PASS" starttime="20220603 13:18:44.650" endtime="20220603 13:18:44.650"/>
</kw>
<kw name="Input Text" library="SeleniumLibrary">
<arg>id=${id_inserir_cpf_criar}</arg>
<arg>${cpf}</arg>
<doc>Types the given ``text`` into the text field identified by ``locator``.</doc>
<msg timestamp="20220603 13:18:44.650" level="INFO">Typing text '296.065.104-92' into text field 'id=signup-form-input-document'.</msg>
<status status="PASS" starttime="20220603 13:18:44.650" endtime="20220603 13:18:44.737"/>
</kw>
<status status="PASS" starttime="20220603 13:18:44.650" endtime="20220603 13:18:44.737"/>
</kw>
<kw name="Insira o celular: ddd + número" library="ze_resources">
<kw name="Numero Telefone" library="telefone">
<var>${celular}</var>
<msg timestamp="20220603 13:18:44.738" level="INFO">${celular} = [8, 7, 9, 7, 1, 3, 5, 2, 7, 0, 0]</msg>
<status status="PASS" starttime="20220603 13:18:44.738" endtime="20220603 13:18:44.738"/>
</kw>
<kw name="Input Text" library="SeleniumLibrary">
<arg>id=${id_inserir_telefone_criar}</arg>
<arg>${celular}</arg>
<doc>Types the given ``text`` into the text field identified by ``locator``.</doc>
<msg timestamp="20220603 13:18:44.738" level="INFO">Typing text '[8, 7, 9, 7, 1, 3, 5, 2, 7, 0, 0]' into text field 'id=signup-form-input-phone'.</msg>
<status status="PASS" starttime="20220603 13:18:44.738" endtime="20220603 13:18:44.862"/>
</kw>
<status status="PASS" starttime="20220603 13:18:44.737" endtime="20220603 13:18:44.862"/>
</kw>
<kw name="Insira a data de nacimento" library="ze_resources">
<kw name="Input Text" library="SeleniumLibrary">
<arg>id=${id_inserir_telefone_nascimento_criar}</arg>
<arg>${nascimento}</arg>
<doc>Types the given ``text`` into the text field identified by ``locator``.</doc>
<msg timestamp="20220603 13:18:44.864" level="INFO">Typing text '05121996' into text field 'id=signup-form-input-age'.</msg>
<status status="PASS" starttime="20220603 13:18:44.863" endtime="20220603 13:18:44.952"/>
</kw>
<status status="PASS" starttime="20220603 13:18:44.863" endtime="20220603 13:18:44.952"/>
</kw>
<kw name="Confirme o checkbox de aceite de termos" library="ze_resources">
<kw name="Maximize Browser Window" library="SeleniumLibrary">
<doc>Maximizes current browser window.</doc>
<status status="PASS" starttime="20220603 13:18:44.953" endtime="20220603 13:18:45.071"/>
</kw>
<kw name="Wait Until Element Is Visible" library="SeleniumLibrary">
<arg>id=${id_aceite_termos_criar}</arg>
<doc>Waits until the element ``locator`` is visible.</doc>
<status status="PASS" starttime="20220603 13:18:45.071" endtime="20220603 13:18:45.093"/>
</kw>
<kw name="Select Checkbox" library="SeleniumLibrary">
<arg>id=${id_aceite_termos_criar}</arg>
<doc>Selects the checkbox identified by ``locator``.</doc>
<msg timestamp="20220603 13:18:45.094" level="INFO">Selecting checkbox 'id=sign-up-form-input-terms'.</msg>
<status status="PASS" starttime="20220603 13:18:45.093" endtime="20220603 13:18:45.151"/>
</kw>
<kw name="Checkbox Should Be Selected" library="SeleniumLibrary">
<arg>id=${id_aceite_termos_criar}</arg>
<doc>Verifies checkbox ``locator`` is selected/checked.</doc>
<msg timestamp="20220603 13:18:45.151" level="INFO">Verifying checkbox 'id=sign-up-form-input-terms' is selected.</msg>
<status status="PASS" starttime="20220603 13:18:45.151" endtime="20220603 13:18:45.173"/>
</kw>
<status status="PASS" starttime="20220603 13:18:44.952" endtime="20220603 13:18:45.173"/>
</kw>
<kw name="Clique no botão Criar conta com e-mail e senha" library="ze_resources">
<kw name="Checkbox Should Be Selected" library="SeleniumLibrary">
<arg>id=${id_aceite_termos_criar}</arg>
<doc>Verifies checkbox ``locator`` is selected/checked.</doc>
<msg timestamp="20220603 13:18:45.174" level="INFO">Verifying checkbox 'id=sign-up-form-input-terms' is selected.</msg>
<status status="PASS" starttime="20220603 13:18:45.173" endtime="20220603 13:18:45.193"/>
</kw>
<kw name="Checkbox Should Not Be Selected" library="SeleniumLibrary">
<arg>id=${id_marketing_criar}</arg>
<doc>Verifies checkbox ``locator`` is not selected/checked.</doc>
<msg timestamp="20220603 13:18:45.194" level="INFO">Verifying checkbox 'id=sign-up-form-input-marketing' is not selected.</msg>
<status status="PASS" starttime="20220603 13:18:45.193" endtime="20220603 13:18:45.219"/>
</kw>
<kw name="Wait Until Element Is Visible" library="SeleniumLibrary">
<arg>id=${id_tenho_conta_criar}</arg>
<doc>Waits until the element ``locator`` is visible.</doc>
<status status="PASS" starttime="20220603 13:18:45.219" endtime="20220603 13:18:45.233"/>
</kw>
<kw name="Wait Until Element Is Visible" library="SeleniumLibrary">
<arg>id=${id_info_criar}</arg>
<doc>Waits until the element ``locator`` is visible.</doc>
<status status="PASS" starttime="20220603 13:18:45.233" endtime="20220603 13:18:45.247"/>
</kw>
<kw name="Wait Until Element Is Visible" library="SeleniumLibrary">
<arg>id=${id_botao_criar_conta}</arg>
<doc>Waits until the element ``locator`` is visible.</doc>
<status status="PASS" starttime="20220603 13:18:45.247" endtime="20220603 13:18:45.258"/>
</kw>
<kw name="Page Should Contain Button" library="SeleniumLibrary">
<arg>id=${id_botao_criar_conta}</arg>
<doc>Verifies button ``locator`` is found from current page.</doc>
<msg timestamp="20220603 13:18:45.286" level="INFO">Current page contains button 'id=signup-form-button-signup'.</msg>
<status status="PASS" starttime="20220603 13:18:45.258" endtime="20220603 13:18:45.286"/>
</kw>
<kw name="Click Button" library="SeleniumLibrary">
<arg>id=${id_botao_criar_conta}</arg>
<doc>Clicks the button identified by ``locator``.</doc>
<msg timestamp="20220603 13:18:45.286" level="INFO">Clicking button 'id=signup-form-button-signup'.</msg>
<msg timestamp="20220603 13:18:46.459" level="INFO" html="true">&lt;/td&gt;&lt;/tr&gt;&lt;tr&gt;&lt;td colspan="3"&gt;&lt;a href="selenium-screenshot-1.png"&gt;&lt;img src="selenium-screenshot-1.png" width="800px"&gt;&lt;/a&gt;</msg>
<msg timestamp="20220603 13:18:46.491" level="FAIL">ElementClickInterceptedException: Message: element click intercepted: Element is not clickable at point (951, 1052)
  (Session info: chrome=102.0.5005.63)
Stacktrace:
Backtrace:
	Ordinal0 [0x006FD953+2414931]
	Ordinal0 [0x0068F5E1+1963489]
	Ordinal0 [0x0057C6B8+837304]
	Ordinal0 [0x005AFC27+1047591]
	Ordinal0 [0x005ADC08+1039368]
	Ordinal0 [0x005AB90B+1030411]
	Ordinal0 [0x005AA659+1025625]
	Ordinal0 [0x005A0293+983699]
	Ordinal0 [0x005C449C+1131676]
	Ordinal0 [0x0059FC74+982132]
	Ordinal0 [0x005C46B4+1132212]
	Ordinal0 [0x005D4812+1198098]
	Ordinal0 [0x005C42B6+1131190]
	Ordinal0 [0x0059E860+976992]
	Ordinal0 [0x0059F756+980822]
	GetHandleVerifier [0x0096CC62+2510274]
	GetHandleVerifier [0x0095F760+2455744]
	GetHandleVerifier [0x0078EABA+551962]
	GetHandleVerifier [0x0078D916+547446]
	Ordinal0 [0x00695F3B+1990459]
	Ordinal0 [0x0069A898+2009240]
	Ordinal0 [0x0069A985+2009477]
	Ordinal0 [0x006A3AD1+2046673]
	BaseThreadInitThunk [0x7621FA29+25]
	RtlGetAppContainerNamedObjectPath [0x77AD7A7E+286]
	RtlGetAppContainerNamedObjectPath [0x77AD7A4E+238]
</msg>
<status status="FAIL" starttime="20220603 13:18:45.286" endtime="20220603 13:18:46.491"/>
</kw>
<status status="FAIL" starttime="20220603 13:18:45.173" endtime="20220603 13:18:46.491"/>
</kw>
<kw name="Acesse o app" library="ze_resources">
<status status="NOT RUN" starttime="20220603 13:18:46.491" endtime="20220603 13:18:46.491"/>
</kw>
<doc>Esse teste valida a criação de uma nova conta válida</doc>
<tag>Criação</tag>
<status status="FAIL" starttime="20220603 13:18:40.409" endtime="20220603 13:18:46.491">ElementClickInterceptedException: Message: element click intercepted: Element is not clickable at point (951, 1052)
  (Session info: chrome=102.0.5005.63)
Stacktrace:
Backtrace:
	Ordinal0 [0x006FD953+2414931]
	Ordinal0 [0x0068F5E1+1963489]
	Ordinal0 [0x0057C6B8+837304]
	Ordinal0 [0x005AFC27+1047591]
	Ordinal0 [0x005ADC08+1039368]
	Ordinal0 [0x005AB90B+1030411]
	Ordinal0 [0x005AA659+1025625]
	Ordinal0 [0x005A0293+983699]
	Ordinal0 [0x005C449C+1131676]
	Ordinal0 [0x0059FC74+982132]
	Ordinal0 [0x005C46B4+1132212]
	Ordinal0 [0x005D4812+1198098]
	Ordinal0 [0x005C42B6+1131190]
	Ordinal0 [0x0059E860+976992]
	Ordinal0 [0x0059F756+980822]
	GetHandleVerifier [0x0096CC62+2510274]
	GetHandleVerifier [0x0095F760+2455744]
	GetHandleVerifier [0x0078EABA+551962]
	GetHandleVerifier [0x0078D916+547446]
	Ordinal0 [0x00695F3B+1990459]
	Ordinal0 [0x0069A898+2009240]
	Ordinal0 [0x0069A985+2009477]
	Ordinal0 [0x006A3AD1+2046673]
	BaseThreadInitThunk [0x7621FA29+25]
	RtlGetAppContainerNamedObjectPath [0x77AD7A7E+286]
	RtlGetAppContainerNamedObjectPath [0x77AD7A4E+238]
</status>
</test>
<status status="FAIL" starttime="20220603 13:18:40.277" endtime="20220603 13:18:46.495"/>
</suite>
<statistics>
<total>
<stat pass="0" fail="1" skip="0">All Tests</stat>
</total>
<tag>
<stat pass="0" fail="1" skip="0">Criação</stat>
</tag>
<suite>
<stat pass="0" fail="1" skip="0" id="s1" name="Ze Testes">Ze Testes</stat>
</suite>
</statistics>
<errors>
</errors>
</robot>
